<?xml version="1.0" encoding="UTF-8"?>
<!-- Generated by org.testng.reporters.JUnitReportReporter -->
<testsuite skipped="0" hostname="DESKTOP-S1OI3QD" name="qaclickacademy.AppiumTest" tests="2" failures="0" timestamp="31 Jan 2020 13:43:08 GMT" time="0.014" errors="0">
  <testcase name="IOSApps" time="0.013" classname="qaclickacademy.AppiumTest"/>
  <testcase name="NativeAppAndroid" time="0.001" classname="qaclickacademy.AppiumTest"/>
</testsuite> <!-- qaclickacademy.AppiumTest -->
