<?xml version="1.0" encoding="UTF-8"?>
<!-- Generated by org.testng.reporters.JUnitReportReporter -->
<testsuite skipped="0" hostname="DESKTOP-S1OI3QD" name="qaclickacademy.seleniumTest" tests="2" failures="0" timestamp="31 Jan 2020 13:43:08 GMT" time="0.001" errors="0">
  <testcase name="elementUi" time="0.000" classname="qaclickacademy.seleniumTest"/>
  <testcase name="BrowserAutomation" time="0.001" classname="qaclickacademy.seleniumTest"/>
</testsuite> <!-- qaclickacademy.seleniumTest -->
